<?xml version="1.0" encoding="UTF-8"?>
<!-- Generated by org.testng.reporters.JUnitReportReporter -->
<testsuite hostname="Srivalli" failures="0" tests="3" name="listeners.TestNGDemo" time="0.010" errors="0" timestamp="2023-11-13T21:11:15 IST" skipped="0">
  <testcase classname="listeners.TestNGDemo" name="test3" time="0.001"/>
  <testcase classname="listeners.TestNGDemo" name="test2" time="0.002"/>
  <testcase classname="listeners.TestNGDemo" name="test1" time="0.007"/>
</testsuite> <!-- listeners.TestNGDemo -->
