<?xml version="1.0" encoding="UTF-8"?>
<!-- Generated by org.testng.reporters.JUnitReportReporter -->
<testsuite hostname="Srivalli" failures="0" tests="1" name="utils.TestExcelData" time="0.005" errors="0" timestamp="2023-11-09T21:42:44 IST" skipped="0">
  <testcase classname="utils.TestExcelData" name="test" time="0.005"/>
</testsuite> <!-- utils.TestExcelData -->
