<?xml version="1.0" encoding="UTF-8"?>
<!-- Generated by org.testng.reporters.JUnitReportReporter -->
<testsuite hostname="Srivalli" failures="0" tests="1" name="test.GoogleSearch_TestNG" time="4.737" errors="0" timestamp="2023-10-28T22:21:26 IST" skipped="0">
  <testcase classname="test.GoogleSearch_TestNG" name="googleSearch" time="4.737"/>
</testsuite> <!-- test.GoogleSearch_TestNG -->
