<?xml version="1.0" encoding="UTF-8"?>
<!-- Generated by org.testng.reporters.JUnitReportReporter -->
<testsuite hostname="Srivalli" failures="0" tests="2" name="test.ExtentReportsTestNG" time="0.013" errors="0" timestamp="2023-11-04T22:15:48 IST" skipped="0">
  <testcase classname="test.ExtentReportsTestNG" name="test2" time="0.003"/>
  <testcase classname="test.ExtentReportsTestNG" name="test" time="0.010"/>
</testsuite> <!-- test.ExtentReportsTestNG -->
