<?xml version="1.0" encoding="UTF-8"?>
<!-- Generated by org.testng.reporters.JUnitReportReporter -->
<testsuite hostname="Srivalli" failures="0" tests="1" name="test.Demo_TestNG2" time="4.498" errors="0" timestamp="2023-10-28T22:21:26 IST" skipped="0">
  <testcase classname="test.Demo_TestNG2" name="googleSearch" time="4.498"/>
</testsuite> <!-- test.Demo_TestNG2 -->
